Build started 30.11.2018 18:23:56.
     1>Project "C:\Users\student\Desktop\RA46-2014\Projekat\modeli\projekat_model0\ProcessWavFile\ProcessWavFile\ProcessWavFile.vcxproj" on node 2 (build target(s)).
     1>InitializeBuildStatus:
         Creating "Debug\projekat_model0.unsuccessfulbuild" because "AlwaysCreate" was specified.
       ClCompile:
         C:\Program Files (x86)\Microsoft Visual Studio 10.0\VC\bin\CL.exe /c /ZI /nologo /W3 /WX- /Od /Oy- /D WIN32 /D _DEBUG /D _CONSOLE /Gm /EHsc /RTC1 /MDd /GS /fp:precise /Zc:wchar_t /Zc:forScope /Fo"Debug\\" /Fd"Debug\vc100.pdb" /Gd /TP /analyze- /errorReport:prompt main.cpp
         main.cpp
     1>c:\users\student\desktop\ra46-2014\projekat\modeli\projekat_model0\processwavfile\processwavfile\main.cpp(48): warning C4244: 'initializing' : conversion from 'double' to 'float', possible loss of data
     1>c:\users\student\desktop\ra46-2014\projekat\modeli\projekat_model0\processwavfile\processwavfile\main.cpp(51): warning C4018: '<' : signed/unsigned mismatch
     1>c:\users\student\desktop\ra46-2014\projekat\modeli\projekat_model0\processwavfile\processwavfile\main.cpp(52): warning C4244: '=' : conversion from 'double' to 'float', possible loss of data
     1>c:\users\student\desktop\ra46-2014\projekat\modeli\projekat_model0\processwavfile\processwavfile\main.cpp(64): warning C4244: '=' : conversion from 'double' to 'float', possible loss of data
     1>c:\users\student\desktop\ra46-2014\projekat\modeli\projekat_model0\processwavfile\processwavfile\main.cpp(66): warning C4244: '=' : conversion from 'double' to 'float', possible loss of data
     1>c:\users\student\desktop\ra46-2014\projekat\modeli\projekat_model0\processwavfile\processwavfile\main.cpp(72): warning C4244: '=' : conversion from 'double' to 'float', possible loss of data
     1>c:\users\student\desktop\ra46-2014\projekat\modeli\projekat_model0\processwavfile\processwavfile\main.cpp(74): warning C4244: '=' : conversion from 'double' to 'float', possible loss of data
     1>c:\users\student\desktop\ra46-2014\projekat\modeli\projekat_model0\processwavfile\processwavfile\main.cpp(84): warning C4244: '=' : conversion from 'double' to 'float', possible loss of data
     1>c:\users\student\desktop\ra46-2014\projekat\modeli\projekat_model0\processwavfile\processwavfile\main.cpp(86): warning C4244: '=' : conversion from 'double' to 'float', possible loss of data
     1>c:\users\student\desktop\ra46-2014\projekat\modeli\projekat_model0\processwavfile\processwavfile\main.cpp(92): warning C4244: '=' : conversion from 'double' to 'float', possible loss of data
     1>c:\users\student\desktop\ra46-2014\projekat\modeli\projekat_model0\processwavfile\processwavfile\main.cpp(94): warning C4244: '=' : conversion from 'double' to 'float', possible loss of data
     1>c:\users\student\desktop\ra46-2014\projekat\modeli\projekat_model0\processwavfile\processwavfile\main.cpp(106): warning C4244: '=' : conversion from 'double' to 'float', possible loss of data
     1>c:\users\student\desktop\ra46-2014\projekat\modeli\projekat_model0\processwavfile\processwavfile\main.cpp(108): warning C4244: '=' : conversion from 'double' to 'float', possible loss of data
     1>c:\users\student\desktop\ra46-2014\projekat\modeli\projekat_model0\processwavfile\processwavfile\main.cpp(114): warning C4244: '=' : conversion from 'double' to 'float', possible loss of data
     1>c:\users\student\desktop\ra46-2014\projekat\modeli\projekat_model0\processwavfile\processwavfile\main.cpp(116): warning C4244: '=' : conversion from 'double' to 'float', possible loss of data
     1>c:\users\student\desktop\ra46-2014\projekat\modeli\projekat_model0\processwavfile\processwavfile\main.cpp(128): warning C4244: '=' : conversion from 'double' to 'float', possible loss of data
     1>c:\users\student\desktop\ra46-2014\projekat\modeli\projekat_model0\processwavfile\processwavfile\main.cpp(130): warning C4244: '=' : conversion from 'double' to 'float', possible loss of data
     1>c:\users\student\desktop\ra46-2014\projekat\modeli\projekat_model0\processwavfile\processwavfile\main.cpp(136): warning C4244: '=' : conversion from 'double' to 'float', possible loss of data
     1>c:\users\student\desktop\ra46-2014\projekat\modeli\projekat_model0\processwavfile\processwavfile\main.cpp(138): warning C4244: '=' : conversion from 'double' to 'float', possible loss of data
     1>c:\users\student\desktop\ra46-2014\projekat\modeli\projekat_model0\processwavfile\processwavfile\main.cpp(170): warning C4996: 'strcpy': This function or variable may be unsafe. Consider using strcpy_s instead. To disable deprecation, use _CRT_SECURE_NO_WARNINGS. See online help for details.
                 c:\program files (x86)\microsoft visual studio 10.0\vc\include\string.h(105) : see declaration of 'strcpy'
     1>c:\users\student\desktop\ra46-2014\projekat\modeli\projekat_model0\processwavfile\processwavfile\main.cpp(172): warning C4996: 'strcpy': This function or variable may be unsafe. Consider using strcpy_s instead. To disable deprecation, use _CRT_SECURE_NO_WARNINGS. See online help for details.
                 c:\program files (x86)\microsoft visual studio 10.0\vc\include\string.h(105) : see declaration of 'strcpy'
     1>c:\users\student\desktop\ra46-2014\projekat\modeli\projekat_model0\processwavfile\processwavfile\main.cpp(175): warning C4996: 'strcpy': This function or variable may be unsafe. Consider using strcpy_s instead. To disable deprecation, use _CRT_SECURE_NO_WARNINGS. See online help for details.
                 c:\program files (x86)\microsoft visual studio 10.0\vc\include\string.h(105) : see declaration of 'strcpy'
     1>c:\users\student\desktop\ra46-2014\projekat\modeli\projekat_model0\processwavfile\processwavfile\main.cpp(176): warning C4996: 'strcpy': This function or variable may be unsafe. Consider using strcpy_s instead. To disable deprecation, use _CRT_SECURE_NO_WARNINGS. See online help for details.
                 c:\program files (x86)\microsoft visual studio 10.0\vc\include\string.h(105) : see declaration of 'strcpy'
     1>c:\users\student\desktop\ra46-2014\projekat\modeli\projekat_model0\processwavfile\processwavfile\main.cpp(177): warning C4996: 'strcpy': This function or variable may be unsafe. Consider using strcpy_s instead. To disable deprecation, use _CRT_SECURE_NO_WARNINGS. See online help for details.
                 c:\program files (x86)\microsoft visual studio 10.0\vc\include\string.h(105) : see declaration of 'strcpy'
     1>c:\users\student\desktop\ra46-2014\projekat\modeli\projekat_model0\processwavfile\processwavfile\main.cpp(178): warning C4244: 'initializing' : conversion from 'long' to 'float', possible loss of data
     1>c:\users\student\desktop\ra46-2014\projekat\modeli\projekat_model0\processwavfile\processwavfile\main.cpp(232): warning C4244: '=' : conversion from 'const double' to 'float', possible loss of data
     1>c:\users\student\desktop\ra46-2014\projekat\modeli\projekat_model0\processwavfile\processwavfile\main.cpp(242): warning C4244: '=' : conversion from 'const double' to 'int', possible loss of data
       ManifestResourceCompile:
         All outputs are up-to-date.
       Link:
         C:\Program Files (x86)\Microsoft Visual Studio 10.0\VC\bin\link.exe /ERRORREPORT:PROMPT /OUT:"C:\Users\student\Desktop\RA46-2014\Projekat\modeli\projekat_model0\ProcessWavFile\Debug\projekat_model0.exe" /INCREMENTAL /NOLOGO /MANIFEST /ManifestFile:"Debug\projekat_model0.exe.intermediate.manifest" /MANIFESTUAC:"level='asInvoker' uiAccess='false'" /DEBUG /PDB:"C:\Users\student\Desktop\RA46-2014\Projekat\modeli\projekat_model0\ProcessWavFile\Debug\projekat_model0.pdb" /SUBSYSTEM:CONSOLE /TLBID:1 /DYNAMICBASE /NXCOMPAT /IMPLIB:"C:\Users\student\Desktop\RA46-2014\Projekat\modeli\projekat_model0\ProcessWavFile\Debug\projekat_model0.lib" /MACHINE:X86 Debug\projekat_model0.exe.embed.manifest.res
         Debug\main.obj
         Debug\WAVheader.obj
       Manifest:
         C:\Program Files (x86)\Microsoft SDKs\Windows\v7.0A\bin\mt.exe /nologo /verbose /out:"Debug\projekat_model0.exe.embed.manifest" /manifest Debug\projekat_model0.exe.intermediate.manifest "C:\Program Files (x86)\Microsoft Visual Studio 10.0\VC\Include\Manifest\dpiaware.manifest"
         All outputs are up-to-date.
       LinkEmbedManifest:
         All outputs are up-to-date.
         ProcessWavFile.vcxproj -> C:\Users\student\Desktop\RA46-2014\Projekat\modeli\projekat_model0\ProcessWavFile\Debug\projekat_model0.exe
       FinalizeBuildStatus:
         Deleting file "Debug\projekat_model0.unsuccessfulbuild".
         Touching "Debug\projekat_model0.lastbuildstate".
     1>Done Building Project "C:\Users\student\Desktop\RA46-2014\Projekat\modeli\projekat_model0\ProcessWavFile\ProcessWavFile\ProcessWavFile.vcxproj" (build target(s)).

Build succeeded.

Time Elapsed 00:00:00.80
