C:\USERS\FILI\DESKTOP\PROJEKAT\AADSP2\PROJEKAT_MODEL0\PROCESSWAVFILE\DEBUG\PROJEKAT_MODEL0.EXE
C:\USERS\FILI\DESKTOP\PROJEKAT\AADSP2\PROJEKAT_MODEL0\PROCESSWAVFILE\DEBUG\PROJEKAT_MODEL0.PDB
C:\Users\fili\Desktop\projekat\AADSP2\projekat_model0\ProcessWavFile\ProcessWavFile\Debug\cl.command.1.tlog
C:\Users\fili\Desktop\projekat\AADSP2\projekat_model0\ProcessWavFile\ProcessWavFile\Debug\CL.read.1.tlog
C:\Users\fili\Desktop\projekat\AADSP2\projekat_model0\ProcessWavFile\ProcessWavFile\Debug\CL.write.1.tlog
C:\Users\fili\Desktop\projekat\AADSP2\projekat_model0\ProcessWavFile\ProcessWavFile\Debug\link.1404.read.1.tlog
C:\Users\fili\Desktop\projekat\AADSP2\projekat_model0\ProcessWavFile\ProcessWavFile\Debug\link.1404.write.1.tlog
C:\Users\fili\Desktop\projekat\AADSP2\projekat_model0\ProcessWavFile\ProcessWavFile\Debug\link.1404-cvtres.read.1.tlog
C:\Users\fili\Desktop\projekat\AADSP2\projekat_model0\ProcessWavFile\ProcessWavFile\Debug\link.1404-cvtres.write.1.tlog
C:\Users\fili\Desktop\projekat\AADSP2\projekat_model0\ProcessWavFile\ProcessWavFile\Debug\link.1860.read.1.tlog
C:\Users\fili\Desktop\projekat\AADSP2\projekat_model0\ProcessWavFile\ProcessWavFile\Debug\link.1860.write.1.tlog
C:\Users\fili\Desktop\projekat\AADSP2\projekat_model0\ProcessWavFile\ProcessWavFile\Debug\link.1860-cvtres.read.1.tlog
C:\Users\fili\Desktop\projekat\AADSP2\projekat_model0\ProcessWavFile\ProcessWavFile\Debug\link.1860-cvtres.write.1.tlog
C:\Users\fili\Desktop\projekat\AADSP2\projekat_model0\ProcessWavFile\ProcessWavFile\Debug\link.3664.read.1.tlog
C:\Users\fili\Desktop\projekat\AADSP2\projekat_model0\ProcessWavFile\ProcessWavFile\Debug\link.3664.write.1.tlog
C:\Users\fili\Desktop\projekat\AADSP2\projekat_model0\ProcessWavFile\ProcessWavFile\Debug\link.3664-cvtres.read.1.tlog
C:\Users\fili\Desktop\projekat\AADSP2\projekat_model0\ProcessWavFile\ProcessWavFile\Debug\link.3664-cvtres.write.1.tlog
C:\Users\fili\Desktop\projekat\AADSP2\projekat_model0\ProcessWavFile\ProcessWavFile\Debug\link.4436.read.1.tlog
C:\Users\fili\Desktop\projekat\AADSP2\projekat_model0\ProcessWavFile\ProcessWavFile\Debug\link.4436.write.1.tlog
C:\Users\fili\Desktop\projekat\AADSP2\projekat_model0\ProcessWavFile\ProcessWavFile\Debug\link.4436-cvtres.read.1.tlog
C:\Users\fili\Desktop\projekat\AADSP2\projekat_model0\ProcessWavFile\ProcessWavFile\Debug\link.4436-cvtres.write.1.tlog
C:\Users\fili\Desktop\projekat\AADSP2\projekat_model0\ProcessWavFile\ProcessWavFile\Debug\link.6728.read.1.tlog
C:\Users\fili\Desktop\projekat\AADSP2\projekat_model0\ProcessWavFile\ProcessWavFile\Debug\link.6728.write.1.tlog
C:\Users\fili\Desktop\projekat\AADSP2\projekat_model0\ProcessWavFile\ProcessWavFile\Debug\link.6728-cvtres.read.1.tlog
C:\Users\fili\Desktop\projekat\AADSP2\projekat_model0\ProcessWavFile\ProcessWavFile\Debug\link.6728-cvtres.write.1.tlog
C:\Users\fili\Desktop\projekat\AADSP2\projekat_model0\ProcessWavFile\ProcessWavFile\Debug\link.command.1.tlog
C:\Users\fili\Desktop\projekat\AADSP2\projekat_model0\ProcessWavFile\ProcessWavFile\Debug\link.read.1.tlog
C:\Users\fili\Desktop\projekat\AADSP2\projekat_model0\ProcessWavFile\ProcessWavFile\Debug\link.write.1.tlog
C:\Users\fili\Desktop\projekat\AADSP2\projekat_model0\ProcessWavFile\ProcessWavFile\Debug\link-cvtres.read.1.tlog
C:\Users\fili\Desktop\projekat\AADSP2\projekat_model0\ProcessWavFile\ProcessWavFile\Debug\link-cvtres.write.1.tlog
C:\USERS\FILI\DESKTOP\PROJEKAT\AADSP2\PROJEKAT_MODEL0\PROCESSWAVFILE\PROCESSWAVFILE\DEBUG\MAIN.OBJ
C:\Users\fili\Desktop\projekat\AADSP2\projekat_model0\ProcessWavFile\ProcessWavFile\Debug\mt.command.1.tlog
C:\Users\fili\Desktop\projekat\AADSP2\projekat_model0\ProcessWavFile\ProcessWavFile\Debug\mt.read.1.tlog
C:\Users\fili\Desktop\projekat\AADSP2\projekat_model0\ProcessWavFile\ProcessWavFile\Debug\mt.write.1.tlog
C:\Users\fili\Desktop\projekat\AADSP2\projekat_model0\ProcessWavFile\ProcessWavFile\Debug\ProcessWavFile.exe.embed.manifest
C:\Users\fili\Desktop\projekat\AADSP2\projekat_model0\ProcessWavFile\ProcessWavFile\Debug\ProcessWavFile.exe.embed.manifest.res
C:\Users\fili\Desktop\projekat\AADSP2\projekat_model0\ProcessWavFile\ProcessWavFile\Debug\ProcessWavFile.exe.intermediate.manifest
C:\Users\fili\Desktop\projekat\AADSP2\projekat_model0\ProcessWavFile\ProcessWavFile\Debug\ProcessWavFile.vcxprojResolveAssemblyReference.cache
C:\Users\fili\Desktop\projekat\AADSP2\projekat_model0\ProcessWavFile\ProcessWavFile\Debug\ProcessWavFile.write.1.tlog
C:\Users\fili\Desktop\projekat\AADSP2\projekat_model0\ProcessWavFile\ProcessWavFile\Debug\ProcessWavFile_manifest.rc
C:\Users\fili\Desktop\projekat\AADSP2\projekat_model0\ProcessWavFile\ProcessWavFile\Debug\projekat_model0.exe.embed.manifest
C:\USERS\FILI\DESKTOP\PROJEKAT\AADSP2\PROJEKAT_MODEL0\PROCESSWAVFILE\PROCESSWAVFILE\DEBUG\PROJEKAT_MODEL0.EXE.EMBED.MANIFEST.RES
C:\USERS\FILI\DESKTOP\PROJEKAT\AADSP2\PROJEKAT_MODEL0\PROCESSWAVFILE\PROCESSWAVFILE\DEBUG\PROJEKAT_MODEL0.EXE.INTERMEDIATE.MANIFEST
C:\Users\fili\Desktop\projekat\AADSP2\projekat_model0\ProcessWavFile\ProcessWavFile\Debug\projekat_model0.write.1.tlog
C:\Users\fili\Desktop\projekat\AADSP2\projekat_model0\ProcessWavFile\ProcessWavFile\Debug\projekat_model0_manifest.rc
C:\Users\fili\Desktop\projekat\AADSP2\projekat_model0\ProcessWavFile\ProcessWavFile\Debug\rc.command.1.tlog
C:\Users\fili\Desktop\projekat\AADSP2\projekat_model0\ProcessWavFile\ProcessWavFile\Debug\rc.read.1.tlog
C:\Users\fili\Desktop\projekat\AADSP2\projekat_model0\ProcessWavFile\ProcessWavFile\Debug\rc.write.1.tlog
C:\Users\fili\Desktop\projekat\AADSP2\projekat_model0\ProcessWavFile\ProcessWavFile\Debug\vc100.idb
C:\USERS\FILI\DESKTOP\PROJEKAT\AADSP2\PROJEKAT_MODEL0\PROCESSWAVFILE\PROCESSWAVFILE\DEBUG\VC100.PDB
C:\USERS\FILI\DESKTOP\PROJEKAT\AADSP2\PROJEKAT_MODEL0\PROCESSWAVFILE\PROCESSWAVFILE\DEBUG\WAVHEADER.OBJ
C:\USERS\STUDENT\DESKTOP\RA46-2014\PROJEKAT\MODELI\PROJEKAT_MODEL0\PROCESSWAVFILE\DEBUG\PROJEKAT_MODEL0.EXE
C:\USERS\STUDENT\DESKTOP\RA46-2014\PROJEKAT\MODELI\PROJEKAT_MODEL0\PROCESSWAVFILE\DEBUG\PROJEKAT_MODEL0.ILK
C:\USERS\STUDENT\DESKTOP\RA46-2014\PROJEKAT\MODELI\PROJEKAT_MODEL0\PROCESSWAVFILE\DEBUG\PROJEKAT_MODEL0.PDB
C:\USERS\STUDENT\DESKTOP\RA46-2014\PROJEKAT\MODELI\PROJEKAT_MODEL0\PROCESSWAVFILE\PROCESSWAVFILE\DEBUG\MAIN.OBJ
C:\USERS\STUDENT\DESKTOP\RA46-2014\PROJEKAT\MODELI\PROJEKAT_MODEL0\PROCESSWAVFILE\PROCESSWAVFILE\DEBUG\PROJEKAT_MODEL0.EXE.EMBED.MANIFEST.RES
C:\USERS\STUDENT\DESKTOP\RA46-2014\PROJEKAT\MODELI\PROJEKAT_MODEL0\PROCESSWAVFILE\PROCESSWAVFILE\DEBUG\PROJEKAT_MODEL0.EXE.INTERMEDIATE.MANIFEST
C:\USERS\STUDENT\DESKTOP\RA46-2014\PROJEKAT\MODELI\PROJEKAT_MODEL0\PROCESSWAVFILE\PROCESSWAVFILE\DEBUG\VC100.PDB
C:\USERS\STUDENT\DESKTOP\RA46-2014\PROJEKAT\MODELI\PROJEKAT_MODEL0\PROCESSWAVFILE\PROCESSWAVFILE\DEBUG\WAVHEADER.OBJ
C:\USERS\STUDENT\DESKTOP\RA46-2014\PROJEKAT\PROCESSWAVFILE\DEBUG\PROCESSWAVFILE.EXE
C:\USERS\STUDENT\DESKTOP\RA46-2014\PROJEKAT\PROCESSWAVFILE\DEBUG\PROCESSWAVFILE.ILK
C:\USERS\STUDENT\DESKTOP\RA46-2014\PROJEKAT\PROCESSWAVFILE\DEBUG\PROCESSWAVFILE.PDB
C:\USERS\STUDENT\DESKTOP\RA46-2014\PROJEKAT\PROCESSWAVFILE\PROCESSWAVFILE\DEBUG\MAIN.OBJ
C:\USERS\STUDENT\DESKTOP\RA46-2014\PROJEKAT\PROCESSWAVFILE\PROCESSWAVFILE\DEBUG\PROCESSWAVFILE.EXE.EMBED.MANIFEST
C:\USERS\STUDENT\DESKTOP\RA46-2014\PROJEKAT\PROCESSWAVFILE\PROCESSWAVFILE\DEBUG\PROCESSWAVFILE.EXE.EMBED.MANIFEST.RES
C:\USERS\STUDENT\DESKTOP\RA46-2014\PROJEKAT\PROCESSWAVFILE\PROCESSWAVFILE\DEBUG\PROCESSWAVFILE.EXE.INTERMEDIATE.MANIFEST
C:\USERS\STUDENT\DESKTOP\RA46-2014\PROJEKAT\PROCESSWAVFILE\PROCESSWAVFILE\DEBUG\VC100.PDB
C:\USERS\STUDENT\DESKTOP\RA46-2014\PROJEKAT\PROCESSWAVFILE\PROCESSWAVFILE\DEBUG\WAVHEADER.OBJ
C:\USERS\STUDENT\DESKTOP\RA46-2014\PROJEKAT\PROJEKAT_MODEL0\PROCESSWAVFILE\DEBUG\PROCESSWAVFILE.EXE
C:\USERS\STUDENT\DESKTOP\RA46-2014\PROJEKAT\PROJEKAT_MODEL0\PROCESSWAVFILE\DEBUG\PROCESSWAVFILE.ILK
C:\USERS\STUDENT\DESKTOP\RA46-2014\PROJEKAT\PROJEKAT_MODEL0\PROCESSWAVFILE\DEBUG\PROCESSWAVFILE.PDB
C:\USERS\STUDENT\DESKTOP\RA46-2014\PROJEKAT\PROJEKAT_MODEL0\PROCESSWAVFILE\DEBUG\PROJEKAT_MODEL0.EXE
C:\USERS\STUDENT\DESKTOP\RA46-2014\PROJEKAT\PROJEKAT_MODEL0\PROCESSWAVFILE\DEBUG\PROJEKAT_MODEL0.ILK
C:\USERS\STUDENT\DESKTOP\RA46-2014\PROJEKAT\PROJEKAT_MODEL0\PROCESSWAVFILE\DEBUG\PROJEKAT_MODEL0.PDB
C:\USERS\STUDENT\DESKTOP\RA46-2014\PROJEKAT\PROJEKAT_MODEL0\PROCESSWAVFILE\PROCESSWAVFILE\DEBUG\MAIN.OBJ
C:\USERS\STUDENT\DESKTOP\RA46-2014\PROJEKAT\PROJEKAT_MODEL0\PROCESSWAVFILE\PROCESSWAVFILE\DEBUG\PROCESSWAVFILE.EXE.EMBED.MANIFEST.RES
C:\USERS\STUDENT\DESKTOP\RA46-2014\PROJEKAT\PROJEKAT_MODEL0\PROCESSWAVFILE\PROCESSWAVFILE\DEBUG\PROCESSWAVFILE.EXE.INTERMEDIATE.MANIFEST
C:\USERS\STUDENT\DESKTOP\RA46-2014\PROJEKAT\PROJEKAT_MODEL0\PROCESSWAVFILE\PROCESSWAVFILE\DEBUG\PROJEKAT_MODEL0.EXE.EMBED.MANIFEST
C:\USERS\STUDENT\DESKTOP\RA46-2014\PROJEKAT\PROJEKAT_MODEL0\PROCESSWAVFILE\PROCESSWAVFILE\DEBUG\PROJEKAT_MODEL0.EXE.EMBED.MANIFEST.RES
C:\USERS\STUDENT\DESKTOP\RA46-2014\PROJEKAT\PROJEKAT_MODEL0\PROCESSWAVFILE\PROCESSWAVFILE\DEBUG\PROJEKAT_MODEL0.EXE.INTERMEDIATE.MANIFEST
C:\USERS\STUDENT\DESKTOP\RA46-2014\PROJEKAT\PROJEKAT_MODEL0\PROCESSWAVFILE\PROCESSWAVFILE\DEBUG\VC100.PDB
C:\USERS\STUDENT\DESKTOP\RA46-2014\PROJEKAT\PROJEKAT_MODEL0\PROCESSWAVFILE\PROCESSWAVFILE\DEBUG\WAVHEADER.OBJ
