============= BUILDING STARTED ============
  Project: projekat_model3
===========================================
Linking files...
C:/CirrusDSP/bin/clink
 -oC:/Users/fili/Desktop/AADSP2/projekat_model3/output/standalone/projekat_model3.img
 -fC:/CirrusDSP/crystal32/memory_maps/v00.mem.xml
 --output_type=RAM
 --overlay_type=standalone
 -lC:/CirrusDSP/lib/
 -lC:/CirrusDSP/lib/dsplib
 -lC:/CirrusDSP/lib/dsplib/crystal32/
C:/Users/fili/Desktop/AADSP2/projekat_model3/output/standalone/src/main.O
     [exec] Warning #507: Unknown class: Y_OS_CC_GLOBALS
     [exec]             for the segment: CC_HEAPSTEAL_VALUES
     [exec]             from the module: C:\CirrusDSP\lib\dsplib\crystal32\cl_heapsteal.O
     [exec] 
     [exec] List of linked library's modules:
     [exec] C:\CirrusDSP\lib\crt0.o
     [exec] C:\CirrusDSP\lib\div.o
     [exec] C:\CirrusDSP\lib\exit.o
     [exec] C:\CirrusDSP\lib\int_to_laccum.o
     [exec] C:\CirrusDSP\lib\mul_sat_laccum.o
     [exec] C:\CirrusDSP\lib\mul_sat_ulaccum.o
     [exec] C:\CirrusDSP\lib\simulator_stack.o
     [exec] C:\CirrusDSP\lib\strcpy_x2x.o
     [exec] C:\CirrusDSP\lib\udiv.o
     [exec] C:\CirrusDSP\lib\dsplib\crystal32\cl_wavread_bits_per_sample.o
     [exec] C:\CirrusDSP\lib\dsplib\crystal32\cl_wavread_close.o
     [exec] C:\CirrusDSP\lib\dsplib\crystal32\cl_wavread_frame_rate.o
     [exec] C:\CirrusDSP\lib\dsplib\crystal32\cl_wavread_number_of_frames
     [exec] .o
     [exec] C:\CirrusDSP\lib\dsplib\crystal32\cl_wavread_open.o
     [exec] C:\CirrusDSP\lib\dsplib\crystal32\cl_wavread_recvsample.o
     [exec] C:\CirrusDSP\lib\dsplib\crystal32\cl_wavwrite_close.o
     [exec] C:\CirrusDSP\lib\dsplib\crystal32\cl_wavwrite_open.o
     [exec] C:\CirrusDSP\lib\dsplib\crystal32\cl_wavwrite_sendsample.o
     [exec] C:\CirrusDSP\lib\dsplib\crystal32\printf.o
Creating .uld file...
C:/CirrusDSP/bin/lnkuld
 -ja
 C:/Users/fili/Desktop/AADSP2/projekat_model3/output/standalone/projekat_model3.img
 C:/Users/fili/Desktop/AADSP2/projekat_model3/output/standalone/projekat_model3.uld
     [exec] 
     [exec] Reading file: C:/Users/fili/Desktop/AADSP2/projekat_model3/output/standalone/projekat_model3.img ...
     [exec] 	Processed 990 line(s).
     [exec] 
     [exec] Writing output to file: C:/Users/fili/Desktop/AADSP2/projekat_model3/output/standalone/projekat_model3.uld ...
     [exec] 
     [exec] Done!
     [exec] 
     [exec] Writing output to file: C:/Users/fili/Desktop/AADSP2/projekat_model3/output/standalone/projekat_model3.uldb ...
     [exec] 
     [exec] Done!
     [exec] 
     [exec] Writing output to file: C:/Users/fili/Desktop/AADSP2/projekat_model3/output/standalone/projekat_model3.uldc ...

BUILD SUCCESSFUL
Total time: 1 second
