Build started 12/2/2018 8:56:03 PM.
     1>Project "C:\Users\fili\Desktop\projekat\AADSP2\projekat_model1\ProcessWavFile\ProcessWavFile\ProcessWavFile.vcxproj" on node 2 (build target(s)).
     1>InitializeBuildStatus:
         Creating "Debug\projekat_model1.unsuccessfulbuild" because "AlwaysCreate" was specified.
       ClCompile:
         C:\Program Files (x86)\Microsoft Visual Studio 10.0\VC\bin\CL.exe /c /ZI /nologo /W3 /WX- /Od /Oy- /D WIN32 /D _DEBUG /D _CONSOLE /Gm /EHsc /RTC1 /MDd /GS /fp:precise /Zc:wchar_t /Zc:forScope /Fo"Debug\\" /Fd"Debug\vc100.pdb" /Gd /TP /analyze- /errorReport:prompt main.cpp
         main.cpp
     1>c:\users\fili\desktop\projekat\aadsp2\projekat_model1\processwavfile\processwavfile\common.h(39): warning C4305: 'initializing' : truncation from 'double' to 'float'
     1>c:\users\fili\desktop\projekat\aadsp2\projekat_model1\processwavfile\processwavfile\common.h(42): warning C4244: 'initializing' : conversion from 'double' to 'float', possible loss of data
     1>c:\users\fili\desktop\projekat\aadsp2\projekat_model1\processwavfile\processwavfile\main.cpp(31): warning C4244: '=' : conversion from 'double' to 'float', possible loss of data
     1>c:\users\fili\desktop\projekat\aadsp2\projekat_model1\processwavfile\processwavfile\main.cpp(40): warning C4244: '=' : conversion from 'double' to 'float', possible loss of data
     1>c:\users\fili\desktop\projekat\aadsp2\projekat_model1\processwavfile\processwavfile\main.cpp(71): warning C4244: '=' : conversion from 'double' to 'float', possible loss of data
     1>c:\users\fili\desktop\projekat\aadsp2\projekat_model1\processwavfile\processwavfile\main.cpp(72): warning C4244: '=' : conversion from 'double' to 'float', possible loss of data
     1>c:\users\fili\desktop\projekat\aadsp2\projekat_model1\processwavfile\processwavfile\main.cpp(100): warning C4244: '=' : conversion from 'double' to 'float', possible loss of data
     1>c:\users\fili\desktop\projekat\aadsp2\projekat_model1\processwavfile\processwavfile\main.cpp(101): warning C4244: '=' : conversion from 'double' to 'float', possible loss of data
     1>c:\users\fili\desktop\projekat\aadsp2\projekat_model1\processwavfile\processwavfile\main.cpp(191): warning C4244: '=' : conversion from 'double' to 'float', possible loss of data
     1>c:\users\fili\desktop\projekat\aadsp2\projekat_model1\processwavfile\processwavfile\main.cpp(217): warning C4244: '=' : conversion from 'double' to 'float', possible loss of data
     1>c:\users\fili\desktop\projekat\aadsp2\projekat_model1\processwavfile\processwavfile\main.cpp(255): warning C4244: '=' : conversion from 'double' to 'float', possible loss of data
     1>c:\users\fili\desktop\projekat\aadsp2\projekat_model1\processwavfile\processwavfile\main.cpp(278): warning C4244: '=' : conversion from 'double' to 'float', possible loss of data
     1>c:\users\fili\desktop\projekat\aadsp2\projekat_model1\processwavfile\processwavfile\main.cpp(323): warning C4996: 'strcpy': This function or variable may be unsafe. Consider using strcpy_s instead. To disable deprecation, use _CRT_SECURE_NO_WARNINGS. See online help for details.
                 c:\program files (x86)\microsoft visual studio 10.0\vc\include\string.h(105) : see declaration of 'strcpy'
     1>c:\users\fili\desktop\projekat\aadsp2\projekat_model1\processwavfile\processwavfile\main.cpp(325): warning C4996: 'strcpy': This function or variable may be unsafe. Consider using strcpy_s instead. To disable deprecation, use _CRT_SECURE_NO_WARNINGS. See online help for details.
                 c:\program files (x86)\microsoft visual studio 10.0\vc\include\string.h(105) : see declaration of 'strcpy'
     1>c:\users\fili\desktop\projekat\aadsp2\projekat_model1\processwavfile\processwavfile\main.cpp(344): warning C4996: 'strcpy': This function or variable may be unsafe. Consider using strcpy_s instead. To disable deprecation, use _CRT_SECURE_NO_WARNINGS. See online help for details.
                 c:\program files (x86)\microsoft visual studio 10.0\vc\include\string.h(105) : see declaration of 'strcpy'
     1>c:\users\fili\desktop\projekat\aadsp2\projekat_model1\processwavfile\processwavfile\main.cpp(345): warning C4244: '=' : conversion from 'long' to 'float', possible loss of data
     1>c:\users\fili\desktop\projekat\aadsp2\projekat_model1\processwavfile\processwavfile\main.cpp(445): warning C4244: '=' : conversion from 'const double' to 'float', possible loss of data
     1>c:\users\fili\desktop\projekat\aadsp2\projekat_model1\processwavfile\processwavfile\main.cpp(456): warning C4244: '=' : conversion from 'const double' to 'int', possible loss of data
       Link:
         C:\Program Files (x86)\Microsoft Visual Studio 10.0\VC\bin\link.exe /ERRORREPORT:PROMPT /OUT:"C:\Users\fili\Desktop\projekat\AADSP2\projekat_model1\ProcessWavFile\Debug\projekat_model1.exe" /INCREMENTAL:NO /NOLOGO /MANIFEST /ManifestFile:"Debug\projekat_model1.exe.intermediate.manifest" /MANIFESTUAC:"level='asInvoker' uiAccess='false'" /DEBUG /PDB:"C:\Users\fili\Desktop\projekat\AADSP2\projekat_model1\ProcessWavFile\Debug\projekat_model1.pdb" /SUBSYSTEM:CONSOLE /TLBID:1 /DYNAMICBASE /NXCOMPAT /IMPLIB:"C:\Users\fili\Desktop\projekat\AADSP2\projekat_model1\ProcessWavFile\Debug\projekat_model1.lib" /MACHINE:X86 Debug\main.obj
         Debug\WAVheader.obj
     1>main.obj : warning LNK4075: ignoring '/EDITANDCONTINUE' due to '/INCREMENTAL:NO' specification
         ProcessWavFile.vcxproj -> C:\Users\fili\Desktop\projekat\AADSP2\projekat_model1\ProcessWavFile\Debug\projekat_model1.exe
       Manifest:
         C:\Program Files (x86)\Microsoft SDKs\Windows\v7.0A\bin\mt.exe /nologo /verbose /outputresource:"C:\Users\fili\Desktop\projekat\AADSP2\projekat_model1\ProcessWavFile\Debug\projekat_model1.exe;#1" /manifest Debug\projekat_model1.exe.intermediate.manifest "C:\Program Files (x86)\Microsoft Visual Studio 10.0\VC\Include\Manifest\dpiaware.manifest"
       FinalizeBuildStatus:
         Deleting file "Debug\projekat_model1.unsuccessfulbuild".
         Touching "Debug\projekat_model1.lastbuildstate".
     1>Done Building Project "C:\Users\fili\Desktop\projekat\AADSP2\projekat_model1\ProcessWavFile\ProcessWavFile\ProcessWavFile.vcxproj" (build target(s)).

Build succeeded.

Time Elapsed 00:00:01.66
