C:\USERS\STUDENT\DESKTOP\RA46-2014\PROJEKAT\MODELI\AADSP2\PROJEKAT_MODEL2\PROCESSWAVFILE\DEBUG\PROJEKAT_MODEL2.EXE
C:\USERS\STUDENT\DESKTOP\RA46-2014\PROJEKAT\MODELI\AADSP2\PROJEKAT_MODEL2\PROCESSWAVFILE\DEBUG\PROJEKAT_MODEL2.PDB
C:\Users\student\Desktop\RA46-2014\Projekat\modeli\AADSP2\projekat_model2\ProcessWavFile\ProcessWavFile\Debug\cl.command.1.tlog
C:\Users\student\Desktop\RA46-2014\Projekat\modeli\AADSP2\projekat_model2\ProcessWavFile\ProcessWavFile\Debug\CL.read.1.tlog
C:\Users\student\Desktop\RA46-2014\Projekat\modeli\AADSP2\projekat_model2\ProcessWavFile\ProcessWavFile\Debug\CL.write.1.tlog
C:\USERS\STUDENT\DESKTOP\RA46-2014\PROJEKAT\MODELI\AADSP2\PROJEKAT_MODEL2\PROCESSWAVFILE\PROCESSWAVFILE\DEBUG\FIXED_POINT_MATH.OBJ
C:\Users\student\Desktop\RA46-2014\Projekat\modeli\AADSP2\projekat_model2\ProcessWavFile\ProcessWavFile\Debug\link.command.1.tlog
C:\Users\student\Desktop\RA46-2014\Projekat\modeli\AADSP2\projekat_model2\ProcessWavFile\ProcessWavFile\Debug\link.read.1.tlog
C:\Users\student\Desktop\RA46-2014\Projekat\modeli\AADSP2\projekat_model2\ProcessWavFile\ProcessWavFile\Debug\link.write.1.tlog
C:\USERS\STUDENT\DESKTOP\RA46-2014\PROJEKAT\MODELI\AADSP2\PROJEKAT_MODEL2\PROCESSWAVFILE\PROCESSWAVFILE\DEBUG\MAIN.OBJ
C:\Users\student\Desktop\RA46-2014\Projekat\modeli\AADSP2\projekat_model2\ProcessWavFile\ProcessWavFile\Debug\mt.command.1.tlog
C:\Users\student\Desktop\RA46-2014\Projekat\modeli\AADSP2\projekat_model2\ProcessWavFile\ProcessWavFile\Debug\mt.read.1.tlog
C:\Users\student\Desktop\RA46-2014\Projekat\modeli\AADSP2\projekat_model2\ProcessWavFile\ProcessWavFile\Debug\mt.write.1.tlog
C:\Users\student\Desktop\RA46-2014\Projekat\modeli\AADSP2\projekat_model2\ProcessWavFile\ProcessWavFile\Debug\ProcessWavFile.vcxprojResolveAssemblyReference.cache
C:\USERS\STUDENT\DESKTOP\RA46-2014\PROJEKAT\MODELI\AADSP2\PROJEKAT_MODEL2\PROCESSWAVFILE\PROCESSWAVFILE\DEBUG\PROJEKAT_MODEL2.EXE.INTERMEDIATE.MANIFEST
C:\Users\student\Desktop\RA46-2014\Projekat\modeli\AADSP2\projekat_model2\ProcessWavFile\ProcessWavFile\Debug\projekat_model2.write.1.tlog
C:\USERS\STUDENT\DESKTOP\RA46-2014\PROJEKAT\MODELI\AADSP2\PROJEKAT_MODEL2\PROCESSWAVFILE\PROCESSWAVFILE\DEBUG\STDFIX_EMU.OBJ
C:\Users\student\Desktop\RA46-2014\Projekat\modeli\AADSP2\projekat_model2\ProcessWavFile\ProcessWavFile\Debug\vc100.idb
C:\USERS\STUDENT\DESKTOP\RA46-2014\PROJEKAT\MODELI\AADSP2\PROJEKAT_MODEL2\PROCESSWAVFILE\PROCESSWAVFILE\DEBUG\VC100.PDB
C:\USERS\STUDENT\DESKTOP\RA46-2014\PROJEKAT\MODELI\AADSP2\PROJEKAT_MODEL2\PROCESSWAVFILE\PROCESSWAVFILE\DEBUG\WAVHEADER.OBJ
