C:\USERS\FILI\DESKTOP\PROJEKAT\AADSP2\PROJEKAT_MODEL0\PROCESSWAVFILE\DEBUG\PROJEKAT_MODEL0.EXE
C:\USERS\FILI\DESKTOP\PROJEKAT\AADSP2\PROJEKAT_MODEL0\PROCESSWAVFILE\DEBUG\PROJEKAT_MODEL0.PDB
C:\USERS\FILI\DESKTOP\PROJEKAT\AADSP2\PROJEKAT_MODEL0\PROCESSWAVFILE\PROCESSWAVFILE\DEBUG\MAIN.OBJ
C:\USERS\FILI\DESKTOP\PROJEKAT\AADSP2\PROJEKAT_MODEL0\PROCESSWAVFILE\PROCESSWAVFILE\DEBUG\PROJEKAT_MODEL0.EXE.INTERMEDIATE.MANIFEST
C:\USERS\FILI\DESKTOP\PROJEKAT\AADSP2\PROJEKAT_MODEL0\PROCESSWAVFILE\PROCESSWAVFILE\DEBUG\VC100.PDB
C:\USERS\FILI\DESKTOP\PROJEKAT\AADSP2\PROJEKAT_MODEL0\PROCESSWAVFILE\PROCESSWAVFILE\DEBUG\WAVHEADER.OBJ
C:\USERS\FILI\DESKTOP\PROJEKAT\AADSP2\PROJEKAT_MODEL1\PROCESSWAVFILE\DEBUG\PROJEKAT_MODEL1.EXE
C:\USERS\FILI\DESKTOP\PROJEKAT\AADSP2\PROJEKAT_MODEL1\PROCESSWAVFILE\DEBUG\PROJEKAT_MODEL1.PDB
C:\USERS\FILI\DESKTOP\PROJEKAT\AADSP2\PROJEKAT_MODEL1\PROCESSWAVFILE\PROCESSWAVFILE\DEBUG\MAIN.OBJ
C:\USERS\FILI\DESKTOP\PROJEKAT\AADSP2\PROJEKAT_MODEL1\PROCESSWAVFILE\PROCESSWAVFILE\DEBUG\PROJEKAT_MODEL1.EXE.INTERMEDIATE.MANIFEST
C:\USERS\FILI\DESKTOP\PROJEKAT\AADSP2\PROJEKAT_MODEL1\PROCESSWAVFILE\PROCESSWAVFILE\DEBUG\VC100.PDB
C:\USERS\FILI\DESKTOP\PROJEKAT\AADSP2\PROJEKAT_MODEL1\PROCESSWAVFILE\PROCESSWAVFILE\DEBUG\WAVHEADER.OBJ
C:\Users\fili\Desktop\projekat\AADSP2\projekat_model2\ProcessWavFile\Debug\projekat_model1.exe
C:\Users\fili\Desktop\projekat\AADSP2\projekat_model2\ProcessWavFile\Debug\projekat_model1.pdb
C:\Users\fili\Desktop\projekat\AADSP2\projekat_model2\ProcessWavFile\ProcessWavFile\Debug\cl.command.1.tlog
C:\Users\fili\Desktop\projekat\AADSP2\projekat_model2\ProcessWavFile\ProcessWavFile\Debug\CL.read.1.tlog
C:\Users\fili\Desktop\projekat\AADSP2\projekat_model2\ProcessWavFile\ProcessWavFile\Debug\CL.write.1.tlog
C:\Users\fili\Desktop\projekat\AADSP2\projekat_model2\ProcessWavFile\ProcessWavFile\Debug\link.command.1.tlog
C:\Users\fili\Desktop\projekat\AADSP2\projekat_model2\ProcessWavFile\ProcessWavFile\Debug\link.read.1.tlog
C:\Users\fili\Desktop\projekat\AADSP2\projekat_model2\ProcessWavFile\ProcessWavFile\Debug\link.write.1.tlog
C:\Users\fili\Desktop\projekat\AADSP2\projekat_model2\ProcessWavFile\ProcessWavFile\Debug\main.obj
C:\Users\fili\Desktop\projekat\AADSP2\projekat_model2\ProcessWavFile\ProcessWavFile\Debug\mt.command.1.tlog
C:\Users\fili\Desktop\projekat\AADSP2\projekat_model2\ProcessWavFile\ProcessWavFile\Debug\mt.read.1.tlog
C:\Users\fili\Desktop\projekat\AADSP2\projekat_model2\ProcessWavFile\ProcessWavFile\Debug\mt.write.1.tlog
C:\Users\fili\Desktop\projekat\AADSP2\projekat_model2\ProcessWavFile\ProcessWavFile\Debug\ProcessWavFile.vcxprojResolveAssemblyReference.cache
C:\Users\fili\Desktop\projekat\AADSP2\projekat_model2\ProcessWavFile\ProcessWavFile\Debug\projekat_model0.exe.intermediate.manifest
C:\Users\fili\Desktop\projekat\AADSP2\projekat_model2\ProcessWavFile\ProcessWavFile\Debug\projekat_model0.write.1.tlog
C:\Users\fili\Desktop\projekat\AADSP2\projekat_model2\ProcessWavFile\ProcessWavFile\Debug\projekat_model1.exe.intermediate.manifest
C:\Users\fili\Desktop\projekat\AADSP2\projekat_model2\ProcessWavFile\ProcessWavFile\Debug\projekat_model1.write.1.tlog
C:\Users\fili\Desktop\projekat\AADSP2\projekat_model2\ProcessWavFile\ProcessWavFile\Debug\vc100.idb
C:\Users\fili\Desktop\projekat\AADSP2\projekat_model2\ProcessWavFile\ProcessWavFile\Debug\vc100.pdb
C:\Users\fili\Desktop\projekat\AADSP2\projekat_model2\ProcessWavFile\ProcessWavFile\Debug\WAVheader.obj
